<?xml version="1.0" encoding="UTF-8"?>
<!-- Generated by org.testng.reporters.JUnitXMLReporter -->
<testsuite ignored="0" hostname="LAPTOP-JAL21INA" failures="0" tests="14" name="Test1" time="33.452" errors="0" timestamp="2023-01-21T19:03:29 IST">
  <testcase classname="com.BasicTestNG.TestNGFeature" name="LoginPage" time="0.009"/>
  <testcase classname="com.BasicTestNG.TestNGFeature" name="HomePage" time="0.003"/>
  <testcase classname="com.BasicTestNG.TestNGFeature" name="SearchPage" time="0.002"/>
  <testcase classname="com.BasicTestNG.TestNGFeature" name="registrationPage" time="0.001"/>
  <testcase classname="com.BasicTestNG.GoogleTest" name="googleTitle" time="0.026"/>
  <testcase classname="com.BasicTestNG.GoogleTest" name="googlogo" time="0.05"/>
  <testcase classname="com.BasicTestNG.GoogleTest" name="VerifyGmailLink" time="0.058"/>
  <testcase classname="com.BasicTestNG.GoogleTest" name="test1" time="0.001"/>
  <testcase classname="com.BasicTestNG.GoogleTest" name="test2" time="0.002"/>
  <testcase classname="com.BasicTestNG.GoogleTest" name="test3" time="0.002"/>
  <testcase classname="com.BasicTestNG.TestNGclass" name="googletitleTest" time="0.005"/>
  <testcase classname="com.BasicTestNG.TestNGclass" name="SearchText" time="0.002"/>
  <testcase classname="com.BasicTestNG.TestNGclass" name="googleLogo" time="0.003"/>
  <testcase classname="com.prameters.parameterTest" name="ParameterTest" time="3.699"/>
</testsuite> <!-- Test1 -->
