<?xml version="1.0" encoding="UTF-8"?>
<!-- Generated by org.testng.reporters.JUnitXMLReporter -->
<testsuite ignored="0" hostname="LAPTOP-JAL21INA" failures="0" tests="4" name="Test1" time="0.128" errors="0" timestamp="2023-01-21T13:13:52 IST">
  <testcase classname="com.BasicTestNG.TestNGFeature" name="LoginPage" time="0.016"/>
  <testcase classname="com.BasicTestNG.TestNGFeature" name="HomePage" time="0.002"/>
  <testcase classname="com.BasicTestNG.TestNGFeature" name="SearchPage" time="0.003"/>
  <testcase classname="com.BasicTestNG.TestNGFeature" name="registrationPage" time="0.003"/>
</testsuite> <!-- Test1 -->
