<?xml version="1.0" encoding="UTF-8"?>
<testng-results ignored="0" total="2" passed="2" failed="0" skipped="0">
  <reporter-output>
  </reporter-output>
  <suite started-at="2022-12-28T16:46:08 IST" name="Default suite" finished-at="2022-12-28T16:46:13 IST" duration-ms="5128">
    <groups>
    </groups>
    <test started-at="2022-12-28T16:46:08 IST" name="Default test" finished-at="2022-12-28T16:46:13 IST" duration-ms="5128">
      <class name="SeleniumConcepts.ExtentReportswithTestNg">
        <test-method is-config="true" signature="setup()[pri:0, instance:SeleniumConcepts.ExtentReportswithTestNg@76505305]" started-at="2022-12-28T16:46:07 IST" name="setup" finished-at="2022-12-28T16:46:08 IST" duration-ms="179" status="PASS">
          <reporter-output>
          </reporter-output>
        </test-method> <!-- setup -->
        <test-method is-config="true" signature="SetupTest()[pri:0, instance:SeleniumConcepts.ExtentReportswithTestNg@76505305]" started-at="2022-12-28T16:46:08 IST" name="SetupTest" finished-at="2022-12-28T16:46:10 IST" duration-ms="2401" status="PASS">
          <reporter-output>
          </reporter-output>
        </test-method> <!-- SetupTest -->
        <test-method signature="test1()[pri:0, instance:SeleniumConcepts.ExtentReportswithTestNg@76505305]" started-at="2022-12-28T16:46:10 IST" name="test1" finished-at="2022-12-28T16:46:11 IST" duration-ms="1325" status="PASS">
          <reporter-output>
          </reporter-output>
        </test-method> <!-- test1 -->
        <test-method signature="test2()[pri:0, instance:SeleniumConcepts.ExtentReportswithTestNg@76505305]" started-at="2022-12-28T16:46:11 IST" name="test2" finished-at="2022-12-28T16:46:11 IST" duration-ms="3" status="PASS">
          <reporter-output>
          </reporter-output>
        </test-method> <!-- test2 -->
        <test-method is-config="true" signature="tearDownTest()[pri:0, instance:SeleniumConcepts.ExtentReportswithTestNg@76505305]" started-at="2022-12-28T16:46:11 IST" name="tearDownTest" finished-at="2022-12-28T16:46:13 IST" duration-ms="1354" status="PASS">
          <reporter-output>
          </reporter-output>
        </test-method> <!-- tearDownTest -->
        <test-method is-config="true" signature="tearDown()[pri:0, instance:SeleniumConcepts.ExtentReportswithTestNg@76505305]" started-at="2022-12-28T16:46:13 IST" name="tearDown" finished-at="2022-12-28T16:46:13 IST" duration-ms="267" status="PASS">
          <reporter-output>
          </reporter-output>
        </test-method> <!-- tearDown -->
      </class> <!-- SeleniumConcepts.ExtentReportswithTestNg -->
    </test> <!-- Default test -->
  </suite> <!-- Default suite -->
</testng-results>
